mode: set
github.com\SHDMT\gwallet\platform\addrmgr\addressmgr.go:52.39,56.2 1 1
github.com\SHDMT\gwallet\platform\addrmgr\addressmgr.go:58.77,64.2 1 1
github.com\SHDMT\gwallet\platform\addrmgr\addressmgr.go:66.49,68.2 1 1
github.com\SHDMT\gwallet\platform\addrmgr\addressmgr.go:70.59,72.2 1 1
github.com\SHDMT\gwallet\platform\addrmgr\addressmgr.go:75.48,78.16 2 1
github.com\SHDMT\gwallet\platform\addrmgr\addressmgr.go:82.2,83.21 2 1
github.com\SHDMT\gwallet\platform\addrmgr\addressmgr.go:78.16,80.3 1 0
github.com\SHDMT\gwallet\platform\addrmgr\addressmgr.go:86.92,90.22 3 1
github.com\SHDMT\gwallet\platform\addrmgr\addressmgr.go:98.2,98.52 1 1
github.com\SHDMT\gwallet\platform\addrmgr\addressmgr.go:90.22,92.3 1 1
github.com\SHDMT\gwallet\platform\addrmgr\addressmgr.go:92.3,94.17 2 1
github.com\SHDMT\gwallet\platform\addrmgr\addressmgr.go:94.17,96.4 1 1
github.com\SHDMT\gwallet\platform\addrmgr\addressmgr.go:101.97,104.16 2 1
github.com\SHDMT\gwallet\platform\addrmgr\addressmgr.go:107.2,109.16 2 1
github.com\SHDMT\gwallet\platform\addrmgr\addressmgr.go:113.2,113.14 1 1
github.com\SHDMT\gwallet\platform\addrmgr\addressmgr.go:120.2,121.16 2 1
github.com\SHDMT\gwallet\platform\addrmgr\addressmgr.go:125.2,126.16 2 1
github.com\SHDMT\gwallet\platform\addrmgr\addressmgr.go:129.2,129.72 1 1
github.com\SHDMT\gwallet\platform\addrmgr\addressmgr.go:104.16,106.3 1 1
github.com\SHDMT\gwallet\platform\addrmgr\addressmgr.go:109.16,112.3 2 0
github.com\SHDMT\gwallet\platform\addrmgr\addressmgr.go:113.14,116.3 2 1
github.com\SHDMT\gwallet\platform\addrmgr\addressmgr.go:116.3,118.3 1 1
github.com\SHDMT\gwallet\platform\addrmgr\addressmgr.go:121.16,124.3 2 0
github.com\SHDMT\gwallet\platform\addrmgr\addressmgr.go:126.16,128.3 1 0
github.com\SHDMT\gwallet\platform\addrmgr\addressmgr.go:134.9,142.16 5 1
github.com\SHDMT\gwallet\platform\addrmgr\addressmgr.go:147.2,148.16 2 1
github.com\SHDMT\gwallet\platform\addrmgr\addressmgr.go:153.2,153.21 1 1
github.com\SHDMT\gwallet\platform\addrmgr\addressmgr.go:142.16,145.3 2 0
github.com\SHDMT\gwallet\platform\addrmgr\addressmgr.go:148.16,151.3 2 0
github.com\SHDMT\gwallet\platform\addrmgr\addressmgr.go:158.8,166.16 4 1
github.com\SHDMT\gwallet\platform\addrmgr\addressmgr.go:176.2,176.21 1 1
github.com\SHDMT\gwallet\platform\addrmgr\addressmgr.go:166.16,169.3 2 0
github.com\SHDMT\gwallet\platform\addrmgr\addressmgr.go:180.51,186.2 3 1
github.com\SHDMT\gwallet\platform\addrmgr\addressmgr.go:190.9,198.2 4 1
github.com\SHDMT\gwallet\platform\addrmgr\addressmgr.go:200.92,211.16 4 1
github.com\SHDMT\gwallet\platform\addrmgr\addressmgr.go:215.2,219.16 3 1
github.com\SHDMT\gwallet\platform\addrmgr\addressmgr.go:222.2,227.16 5 1
github.com\SHDMT\gwallet\platform\addrmgr\addressmgr.go:230.2,231.15 2 1
github.com\SHDMT\gwallet\platform\addrmgr\addressmgr.go:211.16,214.3 2 1
github.com\SHDMT\gwallet\platform\addrmgr\addressmgr.go:219.16,221.3 1 1
github.com\SHDMT\gwallet\platform\addrmgr\addressmgr.go:227.16,229.3 1 0
github.com\SHDMT\gwallet\platform\addrmgr\addressmgr.go:235.80,239.16 3 1
github.com\SHDMT\gwallet\platform\addrmgr\addressmgr.go:243.2,243.46 1 1
github.com\SHDMT\gwallet\platform\addrmgr\addressmgr.go:248.2,252.16 4 1
github.com\SHDMT\gwallet\platform\addrmgr\addressmgr.go:257.2,260.16 3 1
github.com\SHDMT\gwallet\platform\addrmgr\addressmgr.go:264.2,267.16 3 1
github.com\SHDMT\gwallet\platform\addrmgr\addressmgr.go:271.2,271.21 1 1
github.com\SHDMT\gwallet\platform\addrmgr\addressmgr.go:239.16,242.3 2 1
github.com\SHDMT\gwallet\platform\addrmgr\addressmgr.go:243.46,246.3 2 1
github.com\SHDMT\gwallet\platform\addrmgr\addressmgr.go:252.16,255.3 2 0
github.com\SHDMT\gwallet\platform\addrmgr\addressmgr.go:260.16,263.3 2 0
github.com\SHDMT\gwallet\platform\addrmgr\addressmgr.go:267.16,270.3 2 0
github.com\SHDMT\gwallet\platform\addrmgr\addressmgr.go:275.143,277.47 1 1
github.com\SHDMT\gwallet\platform\addrmgr\addressmgr.go:323.2,323.12 1 1
github.com\SHDMT\gwallet\platform\addrmgr\addressmgr.go:277.47,279.17 2 1
github.com\SHDMT\gwallet\platform\addrmgr\addressmgr.go:284.3,285.16 2 1
github.com\SHDMT\gwallet\platform\addrmgr\addressmgr.go:291.3,292.17 2 1
github.com\SHDMT\gwallet\platform\addrmgr\addressmgr.go:297.3,300.31 3 1
github.com\SHDMT\gwallet\platform\addrmgr\addressmgr.go:307.3,308.17 2 1
github.com\SHDMT\gwallet\platform\addrmgr\addressmgr.go:313.3,314.17 2 1
github.com\SHDMT\gwallet\platform\addrmgr\addressmgr.go:317.3,318.17 2 1
github.com\SHDMT\gwallet\platform\addrmgr\addressmgr.go:279.17,281.12 2 1
github.com\SHDMT\gwallet\platform\addrmgr\addressmgr.go:285.16,287.12 2 0
github.com\SHDMT\gwallet\platform\addrmgr\addressmgr.go:292.17,294.12 2 0
github.com\SHDMT\gwallet\platform\addrmgr\addressmgr.go:300.31,303.4 1 1
github.com\SHDMT\gwallet\platform\addrmgr\addressmgr.go:303.4,306.4 1 1
github.com\SHDMT\gwallet\platform\addrmgr\addressmgr.go:308.17,311.4 2 0
github.com\SHDMT\gwallet\platform\addrmgr\addressmgr.go:314.17,315.12 1 0
github.com\SHDMT\gwallet\platform\addrmgr\addressmgr.go:318.17,321.4 2 0
github.com\SHDMT\gwallet\platform\addrmgr\addressmgr.go:328.60,330.16 2 1
github.com\SHDMT\gwallet\platform\addrmgr\addressmgr.go:333.2,334.16 2 1
github.com\SHDMT\gwallet\platform\addrmgr\addressmgr.go:338.2,338.29 1 1
github.com\SHDMT\gwallet\platform\addrmgr\addressmgr.go:330.16,332.3 1 0
github.com\SHDMT\gwallet\platform\addrmgr\addressmgr.go:334.16,336.3 1 1
github.com\SHDMT\gwallet\platform\addrmgr\addressmgr.go:343.52,348.47 3 1
github.com\SHDMT\gwallet\platform\addrmgr\addressmgr.go:370.2,370.14 1 1
github.com\SHDMT\gwallet\platform\addrmgr\addressmgr.go:376.2,376.46 1 1
github.com\SHDMT\gwallet\platform\addrmgr\addressmgr.go:379.2,380.16 2 1
github.com\SHDMT\gwallet\platform\addrmgr\addressmgr.go:384.2,384.28 1 1
github.com\SHDMT\gwallet\platform\addrmgr\addressmgr.go:348.47,352.15 4 1
github.com\SHDMT\gwallet\platform\addrmgr\addressmgr.go:355.3,357.17 3 1
github.com\SHDMT\gwallet\platform\addrmgr\addressmgr.go:361.3,362.17 2 1
github.com\SHDMT\gwallet\platform\addrmgr\addressmgr.go:365.3,367.13 2 1
github.com\SHDMT\gwallet\platform\addrmgr\addressmgr.go:352.15,354.4 1 1
github.com\SHDMT\gwallet\platform\addrmgr\addressmgr.go:357.17,359.4 1 0
github.com\SHDMT\gwallet\platform\addrmgr\addressmgr.go:362.17,364.4 1 0
github.com\SHDMT\gwallet\platform\addrmgr\addressmgr.go:370.14,375.3 3 1
github.com\SHDMT\gwallet\platform\addrmgr\addressmgr.go:376.46,378.3 1 0
github.com\SHDMT\gwallet\platform\addrmgr\addressmgr.go:380.16,382.3 1 0
github.com\SHDMT\gwallet\platform\addrmgr\addressmgr.go:388.45,389.16 1 1
github.com\SHDMT\gwallet\platform\addrmgr\addressmgr.go:393.2,393.17 1 1
github.com\SHDMT\gwallet\platform\addrmgr\addressmgr.go:397.2,397.33 1 1
github.com\SHDMT\gwallet\platform\addrmgr\addressmgr.go:400.2,400.12 1 1
github.com\SHDMT\gwallet\platform\addrmgr\addressmgr.go:389.16,391.3 1 1
github.com\SHDMT\gwallet\platform\addrmgr\addressmgr.go:393.17,395.3 1 1
github.com\SHDMT\gwallet\platform\addrmgr\addressmgr.go:397.33,399.3 1 1
github.com\SHDMT\gwallet\platform\addrmgr\addressmgr.go:404.46,405.21 1 1
github.com\SHDMT\gwallet\platform\addrmgr\addressmgr.go:408.2,408.14 1 1
github.com\SHDMT\gwallet\platform\addrmgr\addressmgr.go:405.21,407.3 1 1
github.com\SHDMT\gwallet\platform\addrmgr\addressmgr.go:413.46,419.44 4 1
github.com\SHDMT\gwallet\platform\addrmgr\addressmgr.go:426.2,426.14 1 1
github.com\SHDMT\gwallet\platform\addrmgr\addressmgr.go:430.2,433.14 4 1
github.com\SHDMT\gwallet\platform\addrmgr\addressmgr.go:438.2,441.16 4 1
github.com\SHDMT\gwallet\platform\addrmgr\addressmgr.go:446.2,448.14 3 1
github.com\SHDMT\gwallet\platform\addrmgr\addressmgr.go:452.2,454.15 3 1
github.com\SHDMT\gwallet\platform\addrmgr\addressmgr.go:457.2,458.16 2 1
github.com\SHDMT\gwallet\platform\addrmgr\addressmgr.go:463.2,465.14 3 1
github.com\SHDMT\gwallet\platform\addrmgr\addressmgr.go:468.2,470.16 3 1
github.com\SHDMT\gwallet\platform\addrmgr\addressmgr.go:474.2,476.14 3 1
github.com\SHDMT\gwallet\platform\addrmgr\addressmgr.go:480.2,484.14 4 1
github.com\SHDMT\gwallet\platform\addrmgr\addressmgr.go:489.2,490.16 2 1
github.com\SHDMT\gwallet\platform\addrmgr\addressmgr.go:495.2,496.16 2 1
github.com\SHDMT\gwallet\platform\addrmgr\addressmgr.go:501.2,503.16 3 1
github.com\SHDMT\gwallet\platform\addrmgr\addressmgr.go:508.2,514.16 5 1
github.com\SHDMT\gwallet\platform\addrmgr\addressmgr.go:517.2,518.16 2 1
github.com\SHDMT\gwallet\platform\addrmgr\addressmgr.go:524.2,525.46 2 1
github.com\SHDMT\gwallet\platform\addrmgr\addressmgr.go:541.2,541.13 1 1
github.com\SHDMT\gwallet\platform\addrmgr\addressmgr.go:545.2,545.20 1 1
github.com\SHDMT\gwallet\platform\addrmgr\addressmgr.go:419.44,421.15 2 1
github.com\SHDMT\gwallet\platform\addrmgr\addressmgr.go:424.3,424.13 1 1
github.com\SHDMT\gwallet\platform\addrmgr\addressmgr.go:421.15,423.4 1 0
github.com\SHDMT\gwallet\platform\addrmgr\addressmgr.go:426.14,428.3 1 0
github.com\SHDMT\gwallet\platform\addrmgr\addressmgr.go:433.14,435.3 1 0
github.com\SHDMT\gwallet\platform\addrmgr\addressmgr.go:441.16,443.3 1 0
github.com\SHDMT\gwallet\platform\addrmgr\addressmgr.go:448.14,450.3 1 0
github.com\SHDMT\gwallet\platform\addrmgr\addressmgr.go:454.15,456.3 1 0
github.com\SHDMT\gwallet\platform\addrmgr\addressmgr.go:458.16,461.3 2 0
github.com\SHDMT\gwallet\platform\addrmgr\addressmgr.go:465.14,467.3 1 0
github.com\SHDMT\gwallet\platform\addrmgr\addressmgr.go:470.16,473.3 2 0
github.com\SHDMT\gwallet\platform\addrmgr\addressmgr.go:476.14,478.3 1 0
github.com\SHDMT\gwallet\platform\addrmgr\addressmgr.go:484.14,486.3 1 0
github.com\SHDMT\gwallet\platform\addrmgr\addressmgr.go:490.16,494.3 2 0
github.com\SHDMT\gwallet\platform\addrmgr\addressmgr.go:496.16,500.3 2 0
github.com\SHDMT\gwallet\platform\addrmgr\addressmgr.go:503.16,507.3 2 0
github.com\SHDMT\gwallet\platform\addrmgr\addressmgr.go:514.16,516.3 1 0
github.com\SHDMT\gwallet\platform\addrmgr\addressmgr.go:518.16,521.3 2 0
github.com\SHDMT\gwallet\platform\addrmgr\addressmgr.go:525.46,533.27 7 1
github.com\SHDMT\gwallet\platform\addrmgr\addressmgr.go:539.3,539.13 1 1
github.com\SHDMT\gwallet\platform\addrmgr\addressmgr.go:533.27,535.17 2 1
github.com\SHDMT\gwallet\platform\addrmgr\addressmgr.go:535.17,537.5 1 0
github.com\SHDMT\gwallet\platform\addrmgr\addressmgr.go:541.13,543.3 1 0
github.com\SHDMT\gwallet\platform\addrmgr\addressmgr.go:548.59,550.46 1 1
github.com\SHDMT\gwallet\platform\addrmgr\addressmgr.go:561.2,561.12 1 1
github.com\SHDMT\gwallet\platform\addrmgr\addressmgr.go:550.46,555.17 3 1
github.com\SHDMT\gwallet\platform\addrmgr\addressmgr.go:559.3,559.52 1 1
github.com\SHDMT\gwallet\platform\addrmgr\addressmgr.go:555.17,557.4 1 0
github.com\SHDMT\gwallet\platform\addrmgr\addressmgr.go:564.85,566.46 1 1
github.com\SHDMT\gwallet\platform\addrmgr\addressmgr.go:573.2,573.12 1 1
github.com\SHDMT\gwallet\platform\addrmgr\addressmgr.go:566.46,568.17 2 1
github.com\SHDMT\gwallet\platform\addrmgr\addressmgr.go:571.3,571.13 1 1
github.com\SHDMT\gwallet\platform\addrmgr\addressmgr.go:568.17,570.4 1 0
github.com\SHDMT\gwallet\platform\addrmgr\addressmgr.go:576.72,579.44 2 1
github.com\SHDMT\gwallet\platform\addrmgr\addressmgr.go:585.2,585.16 1 1
github.com\SHDMT\gwallet\platform\addrmgr\addressmgr.go:588.2,589.16 2 1
github.com\SHDMT\gwallet\platform\addrmgr\addressmgr.go:592.2,592.21 1 1
github.com\SHDMT\gwallet\platform\addrmgr\addressmgr.go:579.44,584.3 3 1
github.com\SHDMT\gwallet\platform\addrmgr\addressmgr.go:585.16,587.3 1 1
github.com\SHDMT\gwallet\platform\addrmgr\addressmgr.go:589.16,591.3 1 0
github.com\SHDMT\gwallet\platform\addrmgr\addressmgr.go:595.70,598.44 2 1
github.com\SHDMT\gwallet\platform\addrmgr\addressmgr.go:603.2,603.16 1 1
github.com\SHDMT\gwallet\platform\addrmgr\addressmgr.go:606.2,606.30 1 1
github.com\SHDMT\gwallet\platform\addrmgr\addressmgr.go:598.44,602.3 3 1
github.com\SHDMT\gwallet\platform\addrmgr\addressmgr.go:603.16,605.3 1 0
github.com\SHDMT\gwallet\platform\addrmgr\addressmgr.go:609.71,612.44 2 1
github.com\SHDMT\gwallet\platform\addrmgr\addressmgr.go:620.2,620.16 1 1
github.com\SHDMT\gwallet\platform\addrmgr\addressmgr.go:623.2,624.21 2 1
github.com\SHDMT\gwallet\platform\addrmgr\addressmgr.go:612.44,615.17 3 1
github.com\SHDMT\gwallet\platform\addrmgr\addressmgr.go:618.3,618.13 1 1
github.com\SHDMT\gwallet\platform\addrmgr\addressmgr.go:615.17,617.4 1 1
github.com\SHDMT\gwallet\platform\addrmgr\addressmgr.go:620.16,622.3 1 1
github.com\SHDMT\gwallet\platform\addrmgr\addressmgr.go:627.76,630.44 2 1
github.com\SHDMT\gwallet\platform\addrmgr\addressmgr.go:638.2,638.16 1 1
github.com\SHDMT\gwallet\platform\addrmgr\addressmgr.go:641.2,643.16 3 1
github.com\SHDMT\gwallet\platform\addrmgr\addressmgr.go:646.2,646.22 1 1
github.com\SHDMT\gwallet\platform\addrmgr\addressmgr.go:630.44,633.17 3 1
github.com\SHDMT\gwallet\platform\addrmgr\addressmgr.go:636.3,636.13 1 1
github.com\SHDMT\gwallet\platform\addrmgr\addressmgr.go:633.17,635.4 1 1
github.com\SHDMT\gwallet\platform\addrmgr\addressmgr.go:638.16,640.3 1 1
github.com\SHDMT\gwallet\platform\addrmgr\addressmgr.go:643.16,645.3 1 0
github.com\SHDMT\gwallet\platform\addrmgr\addressmgr.go:650.70,651.46 1 1
github.com\SHDMT\gwallet\platform\addrmgr\addressmgr.go:655.2,655.13 1 1
github.com\SHDMT\gwallet\platform\addrmgr\addressmgr.go:651.46,654.3 2 1
github.com\SHDMT\gwallet\platform\addrmgr\keystore.go:96.83,98.2 1 1
github.com\SHDMT\gwallet\platform\addrmgr\keystore.go:102.46,104.14 2 1
github.com\SHDMT\gwallet\platform\addrmgr\keystore.go:119.2,119.35 1 1
github.com\SHDMT\gwallet\platform\addrmgr\keystore.go:104.14,105.72 1 1
github.com\SHDMT\gwallet\platform\addrmgr\keystore.go:105.72,108.4 1 0
github.com\SHDMT\gwallet\platform\addrmgr\keystore.go:108.4,110.4 1 1
github.com\SHDMT\gwallet\platform\addrmgr\keystore.go:111.3,112.72 1 1
github.com\SHDMT\gwallet\platform\addrmgr\keystore.go:112.72,115.4 1 0
github.com\SHDMT\gwallet\platform\addrmgr\keystore.go:115.4,117.4 1 1
github.com\SHDMT\gwallet\platform\addrmgr\keystore.go:119.35,120.73 1 1
github.com\SHDMT\gwallet\platform\addrmgr\keystore.go:123.3,124.17 2 1
github.com\SHDMT\gwallet\platform\addrmgr\keystore.go:127.3,129.17 3 1
github.com\SHDMT\gwallet\platform\addrmgr\keystore.go:133.3,134.17 2 1
github.com\SHDMT\gwallet\platform\addrmgr\keystore.go:137.3,138.16 2 1
github.com\SHDMT\gwallet\platform\addrmgr\keystore.go:142.3,143.17 2 1
github.com\SHDMT\gwallet\platform\addrmgr\keystore.go:147.3,147.34 1 1
github.com\SHDMT\gwallet\platform\addrmgr\keystore.go:120.73,122.4 1 0
github.com\SHDMT\gwallet\platform\addrmgr\keystore.go:124.17,126.4 1 0
github.com\SHDMT\gwallet\platform\addrmgr\keystore.go:129.17,132.4 1 0
github.com\SHDMT\gwallet\platform\addrmgr\keystore.go:134.17,136.4 1 0
github.com\SHDMT\gwallet\platform\addrmgr\keystore.go:138.16,140.4 1 0
github.com\SHDMT\gwallet\platform\addrmgr\keystore.go:143.17,145.4 1 0
github.com\SHDMT\gwallet\platform\addrmgr\keystore.go:148.3,150.17 2 1
github.com\SHDMT\gwallet\platform\addrmgr\keystore.go:153.3,155.17 3 1
github.com\SHDMT\gwallet\platform\addrmgr\keystore.go:158.3,159.17 2 1
github.com\SHDMT\gwallet\platform\addrmgr\keystore.go:162.3,162.32 1 1
github.com\SHDMT\gwallet\platform\addrmgr\keystore.go:150.17,152.4 1 0
github.com\SHDMT\gwallet\platform\addrmgr\keystore.go:155.17,157.4 1 0
github.com\SHDMT\gwallet\platform\addrmgr\keystore.go:159.17,161.4 1 0
github.com\SHDMT\gwallet\platform\addrmgr\keystore.go:166.109,170.13 3 1
github.com\SHDMT\gwallet\platform\addrmgr\keystore.go:182.2,183.16 2 1
github.com\SHDMT\gwallet\platform\addrmgr\keystore.go:186.2,186.24 1 1
github.com\SHDMT\gwallet\platform\addrmgr\keystore.go:170.13,172.17 2 1
github.com\SHDMT\gwallet\platform\addrmgr\keystore.go:172.17,174.4 1 0
github.com\SHDMT\gwallet\platform\addrmgr\keystore.go:175.3,177.17 2 1
github.com\SHDMT\gwallet\platform\addrmgr\keystore.go:177.17,179.4 1 0
github.com\SHDMT\gwallet\platform\addrmgr\keystore.go:183.16,185.3 1 0
github.com\SHDMT\gwallet\platform\addrmgr\keystore.go:191.61,203.2 1 1
github.com\SHDMT\gwallet\platform\addrmgr\keystore.go:205.89,206.29 1 1
github.com\SHDMT\gwallet\platform\addrmgr\keystore.go:211.2,212.16 2 1
github.com\SHDMT\gwallet\platform\addrmgr\keystore.go:215.2,215.21 1 1
github.com\SHDMT\gwallet\platform\addrmgr\keystore.go:206.29,209.3 2 1
github.com\SHDMT\gwallet\platform\addrmgr\keystore.go:212.16,214.3 1 0
github.com\SHDMT\gwallet\platform\addrmgr\keystore.go:218.83,219.14 1 1
github.com\SHDMT\gwallet\platform\addrmgr\keystore.go:222.2,222.17 1 1
github.com\SHDMT\gwallet\platform\addrmgr\keystore.go:219.14,221.3 1 1
github.com\SHDMT\gwallet\platform\addrmgr\keystore.go:223.17,224.36 1 1
github.com\SHDMT\gwallet\platform\addrmgr\keystore.go:226.13,227.19 1 1
github.com\SHDMT\gwallet\platform\addrmgr\keystore.go:230.3,230.31 1 1
github.com\SHDMT\gwallet\platform\addrmgr\keystore.go:232.10,233.17 1 1
github.com\SHDMT\gwallet\platform\addrmgr\keystore.go:227.19,229.4 1 0
github.com\SHDMT\gwallet\platform\addrmgr\keystore.go:237.86,242.14 5 1
github.com\SHDMT\gwallet\platform\addrmgr\keystore.go:245.2,245.44 1 1
github.com\SHDMT\gwallet\platform\addrmgr\keystore.go:249.2,249.16 1 1
github.com\SHDMT\gwallet\platform\addrmgr\keystore.go:264.2,266.41 2 1
github.com\SHDMT\gwallet\platform\addrmgr\keystore.go:242.14,244.3 1 1
github.com\SHDMT\gwallet\platform\addrmgr\keystore.go:245.44,247.3 1 0
github.com\SHDMT\gwallet\platform\addrmgr\keystore.go:250.14,252.17 2 1
github.com\SHDMT\gwallet\platform\addrmgr\keystore.go:256.11,258.17 2 1
github.com\SHDMT\gwallet\platform\addrmgr\keystore.go:252.17,255.4 2 0
github.com\SHDMT\gwallet\platform\addrmgr\keystore.go:258.17,261.4 2 0
github.com\SHDMT\gwallet\platform\addrmgr\keystore.go:269.68,289.74 14 1
github.com\SHDMT\gwallet\platform\addrmgr\keystore.go:292.2,292.16 1 1
github.com\SHDMT\gwallet\platform\addrmgr\keystore.go:295.2,297.38 2 1
github.com\SHDMT\gwallet\platform\addrmgr\keystore.go:289.74,291.3 1 0
github.com\SHDMT\gwallet\platform\addrmgr\keystore.go:292.16,294.3 1 0
github.com\SHDMT\gwallet\platform\addrmgr\keystore.go:300.71,308.37 6 1
github.com\SHDMT\gwallet\platform\addrmgr\keystore.go:312.2,314.21 3 1
github.com\SHDMT\gwallet\platform\addrmgr\keystore.go:327.2,339.57 8 1
github.com\SHDMT\gwallet\platform\addrmgr\keystore.go:343.2,343.17 1 1
github.com\SHDMT\gwallet\platform\addrmgr\keystore.go:373.2,373.49 1 1
github.com\SHDMT\gwallet\platform\addrmgr\keystore.go:308.37,310.3 1 0
github.com\SHDMT\gwallet\platform\addrmgr\keystore.go:314.21,320.3 1 0
github.com\SHDMT\gwallet\platform\addrmgr\keystore.go:320.3,326.3 1 1
github.com\SHDMT\gwallet\platform\addrmgr\keystore.go:339.57,341.3 1 0
github.com\SHDMT\gwallet\platform\addrmgr\keystore.go:343.17,354.3 5 1
github.com\SHDMT\gwallet\platform\addrmgr\keystore.go:354.3,356.41 2 1
github.com\SHDMT\gwallet\platform\addrmgr\keystore.go:359.3,360.17 2 1
github.com\SHDMT\gwallet\platform\addrmgr\keystore.go:364.3,370.47 6 1
github.com\SHDMT\gwallet\platform\addrmgr\keystore.go:356.41,358.4 1 0
github.com\SHDMT\gwallet\platform\addrmgr\keystore.go:360.17,362.4 1 0
github.com\SHDMT\gwallet\platform\addrmgr\keystore.go:376.123,380.45 2 1
github.com\SHDMT\gwallet\platform\addrmgr\keystore.go:388.2,388.22 1 1
github.com\SHDMT\gwallet\platform\addrmgr\keystore.go:380.45,382.17 2 1
github.com\SHDMT\gwallet\platform\addrmgr\keystore.go:386.3,386.39 1 1
github.com\SHDMT\gwallet\platform\addrmgr\keystore.go:382.17,384.12 2 0
github.com\SHDMT\gwallet\platform\addrmgr\keystore.go:393.36,396.16 2 1
github.com\SHDMT\gwallet\platform\addrmgr\keystore.go:400.2,401.16 2 1
github.com\SHDMT\gwallet\platform\addrmgr\keystore.go:405.2,405.21 1 1
github.com\SHDMT\gwallet\platform\addrmgr\keystore.go:396.16,398.3 1 0
github.com\SHDMT\gwallet\platform\addrmgr\keystore.go:401.16,403.3 1 1
github.com\SHDMT\gwallet\platform\addrmgr\keystore.go:409.56,410.14 1 1
github.com\SHDMT\gwallet\platform\addrmgr\keystore.go:413.2,413.18 1 1
github.com\SHDMT\gwallet\platform\addrmgr\keystore.go:418.2,419.16 2 1
github.com\SHDMT\gwallet\platform\addrmgr\keystore.go:423.2,424.49 1 1
github.com\SHDMT\gwallet\platform\addrmgr\keystore.go:410.14,412.3 1 0
github.com\SHDMT\gwallet\platform\addrmgr\keystore.go:413.18,415.3 1 1
github.com\SHDMT\gwallet\platform\addrmgr\keystore.go:419.16,421.3 1 1
github.com\SHDMT\gwallet\platform\addrmgr\keystore.go:427.46,428.14 1 1
github.com\SHDMT\gwallet\platform\addrmgr\keystore.go:431.2,431.18 1 1
github.com\SHDMT\gwallet\platform\addrmgr\keystore.go:435.2,436.24 2 1
github.com\SHDMT\gwallet\platform\addrmgr\keystore.go:455.2,455.15 1 1
github.com\SHDMT\gwallet\platform\addrmgr\keystore.go:428.14,430.3 1 0
github.com\SHDMT\gwallet\platform\addrmgr\keystore.go:431.18,433.3 1 1
github.com\SHDMT\gwallet\platform\addrmgr\keystore.go:436.24,439.17 3 1
github.com\SHDMT\gwallet\platform\addrmgr\keystore.go:442.3,443.17 2 1
github.com\SHDMT\gwallet\platform\addrmgr\keystore.go:439.17,441.4 1 0
github.com\SHDMT\gwallet\platform\addrmgr\keystore.go:443.17,445.4 1 0
github.com\SHDMT\gwallet\platform\addrmgr\keystore.go:446.3,454.3 6 1
github.com\SHDMT\gwallet\platform\addrmgr\keystore.go:459.48,463.2 3 1
github.com\SHDMT\gwallet\platform\addrmgr\keystore.go:466.52,469.16 3 1
github.com\SHDMT\gwallet\platform\addrmgr\keystore.go:472.2,472.12 1 1
github.com\SHDMT\gwallet\platform\addrmgr\keystore.go:469.16,471.3 1 0
github.com\SHDMT\gwallet\platform\addrmgr\keystore.go:475.29,485.2 9 1
github.com\SHDMT\gwallet\platform\addrmgr\keystore.go:487.21,489.28 2 1
github.com\SHDMT\gwallet\platform\addrmgr\keystore.go:489.28,491.3 1 1
github.com\SHDMT\gwallet\platform\addrmgr\keystore.go:494.59,495.18 1 1
github.com\SHDMT\gwallet\platform\addrmgr\keystore.go:499.2,502.9 4 1
github.com\SHDMT\gwallet\platform\addrmgr\keystore.go:506.2,506.22 1 1
github.com\SHDMT\gwallet\platform\addrmgr\keystore.go:495.18,497.3 1 0
github.com\SHDMT\gwallet\platform\addrmgr\keystore.go:502.9,504.3 1 1
github.com\SHDMT\gwallet\platform\addrmgr\keystore.go:512.28,531.2 3 1
github.com\SHDMT\gwallet\platform\addrmgr\keystore.go:533.55,538.2 3 1
github.com\SHDMT\gwallet\platform\addrmgr\keystore.go:540.58,543.16 3 1
github.com\SHDMT\gwallet\platform\addrmgr\keystore.go:547.2,547.12 1 1
github.com\SHDMT\gwallet\platform\addrmgr\keystore.go:543.16,545.3 1 0
github.com\SHDMT\gwallet\platform\addrmgr\keystore.go:550.80,551.46 1 1
github.com\SHDMT\gwallet\platform\addrmgr\keystore.go:566.2,566.16 1 1
github.com\SHDMT\gwallet\platform\addrmgr\keystore.go:571.2,571.12 1 1
github.com\SHDMT\gwallet\platform\addrmgr\keystore.go:551.46,554.17 2 1
github.com\SHDMT\gwallet\platform\addrmgr\keystore.go:559.3,560.17 2 1
github.com\SHDMT\gwallet\platform\addrmgr\keystore.go:564.3,564.13 1 1
github.com\SHDMT\gwallet\platform\addrmgr\keystore.go:554.17,557.4 2 0
github.com\SHDMT\gwallet\platform\addrmgr\keystore.go:560.17,563.4 2 1
github.com\SHDMT\gwallet\platform\addrmgr\keystore.go:566.16,569.3 2 1
github.com\SHDMT\gwallet\platform\addrmgr\keystore.go:574.12,576.2 1 1
github.com\SHDMT\gwallet\platform\addrmgr\keystore_internal.go:14.90,19.20 3 1
github.com\SHDMT\gwallet\platform\addrmgr\keystore_internal.go:26.2,26.13 1 1
github.com\SHDMT\gwallet\platform\addrmgr\keystore_internal.go:20.29,21.57 1 1
github.com\SHDMT\gwallet\platform\addrmgr\keystore_internal.go:22.10,23.43 1 0
github.com\SHDMT\gwallet\platform\addrmgr\keystore_internal.go:29.87,34.22 4 1
github.com\SHDMT\gwallet\platform\addrmgr\keystore_internal.go:38.2,48.3 3 1
github.com\SHDMT\gwallet\platform\addrmgr\keystore_internal.go:34.22,36.3 1 0
github.com\SHDMT\gwallet\platform\addrmgr\secret.go:41.57,44.16 3 1
github.com\SHDMT\gwallet\platform\addrmgr\secret.go:47.2,48.39 2 1
github.com\SHDMT\gwallet\platform\addrmgr\secret.go:44.16,46.3 1 0
github.com\SHDMT\gwallet\platform\addrmgr\secret.go:53.57,54.25 1 1
github.com\SHDMT\gwallet\platform\addrmgr\secret.go:58.2,63.9 5 1
github.com\SHDMT\gwallet\platform\addrmgr\secret.go:67.2,67.20 1 1
github.com\SHDMT\gwallet\platform\addrmgr\secret.go:54.25,56.3 1 0
github.com\SHDMT\gwallet\platform\addrmgr\secret.go:63.9,65.3 1 0
github.com\SHDMT\gwallet\platform\addrmgr\secret.go:70.37,72.2 1 1
github.com\SHDMT\gwallet\platform\addrmgr\secret.go:74.29,76.2 1 1
github.com\SHDMT\gwallet\platform\addrmgr\secret.go:79.46,82.16 3 1
github.com\SHDMT\gwallet\platform\addrmgr\secret.go:86.2,86.18 1 1
github.com\SHDMT\gwallet\platform\addrmgr\secret.go:82.16,84.3 1 0
github.com\SHDMT\gwallet\platform\addrmgr\secret.go:104.56,110.16 2 1
github.com\SHDMT\gwallet\platform\addrmgr\secret.go:113.2,132.12 5 1
github.com\SHDMT\gwallet\platform\addrmgr\secret.go:110.16,112.3 1 0
github.com\SHDMT\gwallet\platform\addrmgr\secret.go:137.39,154.2 13 1
github.com\SHDMT\gwallet\platform\addrmgr\secret.go:157.57,158.19 1 1
github.com\SHDMT\gwallet\platform\addrmgr\secret.go:161.2,161.47 1 1
github.com\SHDMT\gwallet\platform\addrmgr\secret.go:165.2,176.12 11 1
github.com\SHDMT\gwallet\platform\addrmgr\secret.go:158.19,160.3 1 1
github.com\SHDMT\gwallet\platform\addrmgr\secret.go:161.47,163.3 1 0
github.com\SHDMT\gwallet\platform\addrmgr\secret.go:182.29,184.2 1 0
github.com\SHDMT\gwallet\platform\addrmgr\secret.go:189.56,190.47 1 1
github.com\SHDMT\gwallet\platform\addrmgr\secret.go:195.2,196.73 2 1
github.com\SHDMT\gwallet\platform\addrmgr\secret.go:200.2,200.12 1 1
github.com\SHDMT\gwallet\platform\addrmgr\secret.go:190.47,192.3 1 0
github.com\SHDMT\gwallet\platform\addrmgr\secret.go:196.73,198.3 1 1
github.com\SHDMT\gwallet\platform\addrmgr\secret.go:204.57,206.2 1 1
github.com\SHDMT\gwallet\platform\addrmgr\secret.go:209.57,211.2 1 1
github.com\SHDMT\gwallet\platform\addrmgr\secret.go:214.70,223.16 6 1
github.com\SHDMT\gwallet\platform\addrmgr\secret.go:228.2,229.16 2 1
github.com\SHDMT\gwallet\platform\addrmgr\secret.go:234.2,236.17 2 1
github.com\SHDMT\gwallet\platform\addrmgr\secret.go:223.16,225.3 1 0
github.com\SHDMT\gwallet\platform\addrmgr\secret.go:229.16,231.3 1 0
github.com\SHDMT\gwallet\platform\addrmgr\secret.go:239.27,241.2 1 1
github.com\SHDMT\gwallet\platform\addrmgr\secret.go:245.27,247.2 1 0
github.com\SHDMT\gwallet\platform\addrmgr\secret.go:249.22,250.19 1 1
github.com\SHDMT\gwallet\platform\addrmgr\secret.go:250.19,252.3 1 1
github.com\SHDMT\gwallet\platform\addrmgr\secret.go:259.25,261.19 2 0
github.com\SHDMT\gwallet\platform\addrmgr\secret.go:264.2,264.15 1 0
github.com\SHDMT\gwallet\platform\addrmgr\secret.go:261.19,263.3 1 0
github.com\SHDMT\gwallet\platform\addrmgr\wif.go:35.76,36.16 1 1
github.com\SHDMT\gwallet\platform\addrmgr\wif.go:39.2,39.49 1 1
github.com\SHDMT\gwallet\platform\addrmgr\wif.go:36.16,38.3 1 0
github.com\SHDMT\gwallet\platform\addrmgr\wif.go:44.49,46.2 1 1
github.com\SHDMT\gwallet\platform\addrmgr\wif.go:51.31,63.2 9 1
github.com\SHDMT\gwallet\platform\addrmgr\wif.go:66.40,76.37 8 1
github.com\SHDMT\gwallet\platform\addrmgr\wif.go:81.2,85.12 4 1
github.com\SHDMT\gwallet\platform\addrmgr\wif.go:76.37,79.3 2 1
